<?xml version="1.0" encoding="UTF-8"?>
<coverage generated="1698708323362" clover="3.2.0">
  <project timestamp="1698708323363" name="All files">
    <metrics statements="5" coveredstatements="5" conditionals="0" coveredconditionals="0" methods="2" coveredmethods="2" elements="7" coveredelements="7" complexity="0" loc="5" ncloc="5" packages="1" files="1" classes="1"/>
    <file name="string-and-number-conversions.js" path="/Users/anapaulalopesaraujo/Documents/git/edabit-js-challenge-with-jest/src/strings/string-and-number-conversions.js">
      <metrics statements="5" coveredstatements="5" conditionals="0" coveredconditionals="0" methods="2" coveredmethods="2"/>
      <line num="1" count="1" type="stmt"/>
      <line num="2" count="4" type="stmt"/>
      <line num="5" count="1" type="stmt"/>
      <line num="6" count="4" type="stmt"/>
      <line num="9" count="1" type="stmt"/>
    </file>
  </project>
</coverage>
