{"/Users/anapaulalopesaraujo/Documents/git/edabit-js-challenge-with-jest/src/strings/convert-an-array-to-string.js": {"path":"/Users/anapaulalopesaraujo/Documents/git/edabit-js-challenge-with-jest/src/strings/convert-an-array-to-string.js","statementMap":{"0":{"start":{"line":1,"column":22},"end":{"line":3,"column":1}},"1":{"start":{"line":2,"column":4},"end":{"line":2,"column":23}},"2":{"start":{"line":5,"column":0},"end":{"line":5,"column":30}}},"fnMap":{"0":{"name":"(anonymous_0)","decl":{"start":{"line":1,"column":22},"end":{"line":1,"column":23}},"loc":{"start":{"line":1,"column":31},"end":{"line":3,"column":1}},"line":1}},"branchMap":{},"s":{"0":1,"1":6,"2":1},"f":{"0":6},"b":{},"_coverageSchema":"1a1c01bbd47fc00a2c39e90264f33305004495a9","hash":"26477d27840ea72dc7bfa53a58c460089c67d21f"}
}
