{"/Users/anapaulalopesaraujo/Documents/git/edabit-js-challenge-with-jest/src/strings/slice-check-repeat-concatenate.js": {"path":"/Users/anapaulalopesaraujo/Documents/git/edabit-js-challenge-with-jest/src/strings/slice-check-repeat-concatenate.js","statementMap":{"0":{"start":{"line":1,"column":19},"end":{"line":4,"column":1}},"1":{"start":{"line":2,"column":21},"end":{"line":2,"column":46}},"2":{"start":{"line":3,"column":4},"end":{"line":3,"column":19}},"3":{"start":{"line":6,"column":0},"end":{"line":6,"column":27}}},"fnMap":{"0":{"name":"(anonymous_0)","decl":{"start":{"line":1,"column":19},"end":{"line":1,"column":20}},"loc":{"start":{"line":1,"column":28},"end":{"line":4,"column":1}},"line":1}},"branchMap":{},"s":{"0":1,"1":7,"2":7,"3":1},"f":{"0":7},"b":{},"_coverageSchema":"1a1c01bbd47fc00a2c39e90264f33305004495a9","hash":"a6882097c258bb1ed60339f238be19d4a2c66781"}
}
